#
# There is insufficient memory for the Java Runtime Environment to continue.
# Native memory allocation (malloc) failed to allocate 771936 bytes for Chunk::new
# Possible reasons:
#   The system is out of physical RAM or swap space
#   The process is running with CompressedOops enabled, and the Java Heap may be blocking the growth of the native heap
# Possible solutions:
#   Reduce memory load on the system
#   Increase physical memory or swap space
#   Check if swap backing store is full
#   Decrease Java heap size (-Xmx/-Xms)
#   Decrease number of Java threads
#   Decrease Java thread stack sizes (-Xss)
#   Set larger code cache with -XX:ReservedCodeCacheSize=
#   JVM is running with Unscaled Compressed Oops mode in which the Java heap is
#     placed in the first 4GB address space. The Java Heap base address is the
#     maximum limit for the native heap growth. Please use -XX:HeapBaseMinAddress
#     to set the Java Heap base and to place the Java Heap above 4GB virtual address.
# This output file may be truncated or incomplete.
#
#  Out of Memory Error (arena.cpp:189), pid=16620, tid=14532
#
# JRE version: Java(TM) SE Runtime Environment (17.0.8+9) (build 17.0.8+9-LTS-211)
# Java VM: Java HotSpot(TM) 64-Bit Server VM (17.0.8+9-LTS-211, mixed mode, sharing, tiered, compressed oops, compressed class ptrs, g1 gc, windows-amd64)
# No core dump will be written. Minidumps are not enabled by default on client versions of Windows
#

---------------  S U M M A R Y ------------

Command Line: -Dclassworlds.conf=C:\Program Files\NetBeans-21\netbeans\java\maven\bin\m2.conf -Dmaven.home=C:\Program Files\NetBeans-21\netbeans\java\maven -Dlibrary.jansi.path=C:\Program Files\NetBeans-21\netbeans\java\maven\lib\jansi-native -Dmaven.multiModuleProjectDirectory=C:\Users\MAIS\Documents\NetBeansProjects\image org.codehaus.plexus.classworlds.launcher.Launcher -Dexec.vmArgs= -Dexec.args=${exec.vmArgs} -classpath %classpath ${exec.mainClass} ${exec.appArgs} -Dexec.appArgs= -Dexec.mainClass=com.mycompany.image.Drawing -Dexec.executable=C:\Program Files\Java\jdk-17\bin\java.exe -Dmaven.ext.class.path=C:\Program Files\NetBeans-21\netbeans\java\maven-nblib\netbeans-eventspy.jar --no-transfer-progress process-classes org.codehaus.mojo:exec-maven-plugin:3.1.0:exec

Host: Intel(R) Core(TM) i7-10510U CPU @ 1.80GHz, 8 cores, 7G,  Windows 10 , 64 bit Build 19041 (10.0.19041.3636)
Time: Mon May 20 11:34:47 2024 West Bank Gaza Daylight Time elapsed time: 3.090052 seconds (0d 0h 0m 3s)

---------------  T H R E A D  ---------------

Current thread (0x00000197647d5c20):  JavaThread "C2 CompilerThread2" daemon [_thread_in_native, id=14532, stack(0x000000882f800000,0x000000882f900000)]


Current CompileTask:
C2:   3090 3539       4       jdk.internal.org.objectweb.asm.Frame::execute (2305 bytes)

Stack: [0x000000882f800000,0x000000882f900000]
Native frames: (J=compiled Java code, j=interpreted, Vv=VM code, C=native code)
V  [jvm.dll+0x677d0a]
V  [jvm.dll+0x7d8c54]
V  [jvm.dll+0x7da3fe]
V  [jvm.dll+0x7daa63]
V  [jvm.dll+0x245c5f]
V  [jvm.dll+0xaaa6b]
V  [jvm.dll+0xab00c]
V  [jvm.dll+0x2ab5cf]
V  [jvm.dll+0x580435]
V  [jvm.dll+0x220b22]
V  [jvm.dll+0x219b0f]
V  [jvm.dll+0x217329]
V  [jvm.dll+0x1a3af0]
V  [jvm.dll+0x2270be]
V  [jvm.dll+0x22535b]
V  [jvm.dll+0x78e7bc]
V  [jvm.dll+0x788bba]
V  [jvm.dll+0x676b35]
C  [ucrtbase.dll+0x21bb2]
C  [KERNEL32.DLL+0x17344]
C  [ntdll.dll+0x526b1]


---------------  P R O C E S S  ---------------

Threads class SMR info:
_java_thread_list=0x0000019764bec520, length=14, elements={
0x000001977f558e30, 0x000001971ea09c00, 0x000001971ea0b120, 0x000001971ea1fe40,
0x000001971ea20900, 0x000001971ea21b60, 0x000001971ea24bd0, 0x000001971ea29510,
0x000001971ea2a660, 0x000001971ea3fb00, 0x000001971ec79cb0, 0x000001971ec83ca0,
0x0000019764588850, 0x00000197647d5c20
}

Java Threads: ( => current thread )
  0x000001977f558e30 JavaThread "main" [_thread_in_vm, id=12264, stack(0x000000882e400000,0x000000882e500000)]
  0x000001971ea09c00 JavaThread "Reference Handler" daemon [_thread_blocked, id=12444, stack(0x000000882eb00000,0x000000882ec00000)]
  0x000001971ea0b120 JavaThread "Finalizer" daemon [_thread_blocked, id=11216, stack(0x000000882ec00000,0x000000882ed00000)]
  0x000001971ea1fe40 JavaThread "Signal Dispatcher" daemon [_thread_blocked, id=17892, stack(0x000000882ed00000,0x000000882ee00000)]
  0x000001971ea20900 JavaThread "Attach Listener" daemon [_thread_blocked, id=23508, stack(0x000000882ee00000,0x000000882ef00000)]
  0x000001971ea21b60 JavaThread "Service Thread" daemon [_thread_blocked, id=12956, stack(0x000000882ef00000,0x000000882f000000)]
  0x000001971ea24bd0 JavaThread "Monitor Deflation Thread" daemon [_thread_blocked, id=10224, stack(0x000000882f000000,0x000000882f100000)]
  0x000001971ea29510 JavaThread "C2 CompilerThread0" daemon [_thread_in_native, id=18628, stack(0x000000882f100000,0x000000882f200000)]
  0x000001971ea2a660 JavaThread "C1 CompilerThread0" daemon [_thread_in_native, id=8252, stack(0x000000882f200000,0x000000882f300000)]
  0x000001971ea3fb00 JavaThread "Sweeper thread" daemon [_thread_blocked, id=15840, stack(0x000000882f300000,0x000000882f400000)]
  0x000001971ec79cb0 JavaThread "Notification Thread" daemon [_thread_blocked, id=22808, stack(0x000000882f400000,0x000000882f500000)]
  0x000001971ec83ca0 JavaThread "Common-Cleaner" daemon [_thread_blocked, id=20008, stack(0x000000882f600000,0x000000882f700000)]
  0x0000019764588850 JavaThread "C2 CompilerThread1" daemon [_thread_blocked, id=11432, stack(0x000000882f700000,0x000000882f800000)]
=>0x00000197647d5c20 JavaThread "C2 CompilerThread2" daemon [_thread_in_native, id=14532, stack(0x000000882f800000,0x000000882f900000)]

Other Threads:
  0x000001971ea02c80 VMThread "VM Thread" [stack: 0x000000882ea00000,0x000000882eb00000] [id=3248]
  0x000001971ec7d1d0 WatcherThread [stack: 0x000000882f500000,0x000000882f600000] [id=2732]
  0x000001977f5b3b70 GCTaskThread "GC Thread#0" [stack: 0x000000882e500000,0x000000882e600000] [id=16648]
  0x000001976451b060 GCTaskThread "GC Thread#1" [stack: 0x000000882f900000,0x000000882fa00000] [id=1392]
  0x00000197645ce020 GCTaskThread "GC Thread#2" [stack: 0x000000882fa00000,0x000000882fb00000] [id=13260]
  0x0000019764872d90 GCTaskThread "GC Thread#3" [stack: 0x000000882fb00000,0x000000882fc00000] [id=10308]
  0x0000019764a007d0 GCTaskThread "GC Thread#4" [stack: 0x000000882fc00000,0x000000882fd00000] [id=18340]
  0x0000019764a32010 GCTaskThread "GC Thread#5" [stack: 0x000000882fd00000,0x000000882fe00000] [id=20144]
  0x00000197649b6390 GCTaskThread "GC Thread#6" [stack: 0x000000882fe00000,0x000000882ff00000] [id=8316]
  0x00000197649b6a50 GCTaskThread "GC Thread#7" [stack: 0x000000882ff00000,0x0000008830000000] [id=2664]
  0x000001977f5c43c0 ConcurrentGCThread "G1 Main Marker" [stack: 0x000000882e600000,0x000000882e700000] [id=11828]
  0x000001977f5c5480 ConcurrentGCThread "G1 Conc#0" [stack: 0x000000882e700000,0x000000882e800000] [id=9176]
  0x000001977f62d560 ConcurrentGCThread "G1 Refine#0" [stack: 0x000000882e800000,0x000000882e900000] [id=10196]
  0x000001977f62de90 ConcurrentGCThread "G1 Service" [stack: 0x000000882e900000,0x000000882ea00000] [id=13412]

Threads with active compile tasks:
C2 CompilerThread0     3112 3587   !   4       jdk.internal.loader.BuiltinClassLoader::loadClassOrNull (143 bytes)
C1 CompilerThread0     3112 3595   !   3       jdk.internal.jimage.BasicImageReader::readBuffer (238 bytes)
C2 CompilerThread2     3112 3539       4       jdk.internal.org.objectweb.asm.Frame::execute (2305 bytes)

VM state: not at safepoint (normal execution)

VM Mutex/Monitor currently owned by a thread: None

Heap address: 0x0000000083000000, size: 2000 MB, Compressed Oops mode: 32-bit

CDS archive(s) mapped at: [0x000001971f000000-0x000001971fbd0000-0x000001971fbd0000), size 12386304, SharedBaseAddress: 0x000001971f000000, ArchiveRelocationMode: 1.
Compressed class space mapped at: 0x0000019720000000-0x0000019760000000, reserved size: 1073741824
Narrow klass base: 0x000001971f000000, Narrow klass shift: 0, Narrow klass range: 0x100000000

GC Precious Log:
 CPUs: 8 total, 8 available
 Memory: 7995M
 Large Page Support: Disabled
 NUMA Support: Disabled
 Compressed Oops: Enabled (32-bit)
 Heap Region Size: 1M
 Heap Min Capacity: 8M
 Heap Initial Capacity: 126M
 Heap Max Capacity: 2000M
 Pre-touch: Disabled
 Parallel Workers: 8
 Concurrent Workers: 2
 Concurrent Refinement Workers: 8
 Periodic GC: Disabled

Heap:
 garbage-first heap   total 129024K, used 63833K [0x0000000083000000, 0x0000000100000000)
  region size 1024K, 60 young (61440K), 2 survivors (2048K)
 Metaspace       used 19732K, committed 20032K, reserved 1114112K
  class space    used 2413K, committed 2560K, reserved 1048576K

Heap Regions: E=young(eden), S=young(survivor), O=old, HS=humongous(starts), HC=humongous(continues), CS=collection set, F=free, OA=open archive, CA=closed archive, TAMS=top-at-mark-start (previous, next)
|   0|0x0000000083000000, 0x0000000083100000, 0x0000000083100000|100%| O|  |TAMS 0x0000000083000000, 0x0000000083000000| Untracked 
|   1|0x0000000083100000, 0x0000000083200000, 0x0000000083200000|100%| O|  |TAMS 0x0000000083100000, 0x0000000083100000| Untracked 
|   2|0x0000000083200000, 0x0000000083300000, 0x0000000083300000|100%| O|  |TAMS 0x0000000083200000, 0x0000000083200000| Untracked 
|   3|0x0000000083300000, 0x00000000833b3200, 0x0000000083400000| 69%| O|  |TAMS 0x0000000083300000, 0x0000000083300000| Untracked 
|   4|0x0000000083400000, 0x0000000083400000, 0x0000000083500000|  0%| F|  |TAMS 0x0000000083400000, 0x0000000083400000| Untracked 
|   5|0x0000000083500000, 0x0000000083500000, 0x0000000083600000|  0%| F|  |TAMS 0x0000000083500000, 0x0000000083500000| Untracked 
|   6|0x0000000083600000, 0x0000000083600000, 0x0000000083700000|  0%| F|  |TAMS 0x0000000083600000, 0x0000000083600000| Untracked 
|   7|0x0000000083700000, 0x0000000083700000, 0x0000000083800000|  0%| F|  |TAMS 0x0000000083700000, 0x0000000083700000| Untracked 
|   8|0x0000000083800000, 0x0000000083800000, 0x0000000083900000|  0%| F|  |TAMS 0x0000000083800000, 0x0000000083800000| Untracked 
|   9|0x0000000083900000, 0x0000000083900000, 0x0000000083a00000|  0%| F|  |TAMS 0x0000000083900000, 0x0000000083900000| Untracked 
|  10|0x0000000083a00000, 0x0000000083a00000, 0x0000000083b00000|  0%| F|  |TAMS 0x0000000083a00000, 0x0000000083a00000| Untracked 
|  11|0x0000000083b00000, 0x0000000083b00000, 0x0000000083c00000|  0%| F|  |TAMS 0x0000000083b00000, 0x0000000083b00000| Untracked 
|  12|0x0000000083c00000, 0x0000000083c00000, 0x0000000083d00000|  0%| F|  |TAMS 0x0000000083c00000, 0x0000000083c00000| Untracked 
|  13|0x0000000083d00000, 0x0000000083d00000, 0x0000000083e00000|  0%| F|  |TAMS 0x0000000083d00000, 0x0000000083d00000| Untracked 
|  14|0x0000000083e00000, 0x0000000083e00000, 0x0000000083f00000|  0%| F|  |TAMS 0x0000000083e00000, 0x0000000083e00000| Untracked 
|  15|0x0000000083f00000, 0x0000000083f00000, 0x0000000084000000|  0%| F|  |TAMS 0x0000000083f00000, 0x0000000083f00000| Untracked 
|  16|0x0000000084000000, 0x0000000084000000, 0x0000000084100000|  0%| F|  |TAMS 0x0000000084000000, 0x0000000084000000| Untracked 
|  17|0x0000000084100000, 0x0000000084100000, 0x0000000084200000|  0%| F|  |TAMS 0x0000000084100000, 0x0000000084100000| Untracked 
|  18|0x0000000084200000, 0x0000000084200000, 0x0000000084300000|  0%| F|  |TAMS 0x0000000084200000, 0x0000000084200000| Untracked 
|  19|0x0000000084300000, 0x0000000084300000, 0x0000000084400000|  0%| F|  |TAMS 0x0000000084300000, 0x0000000084300000| Untracked 
|  20|0x0000000084400000, 0x0000000084400000, 0x0000000084500000|  0%| F|  |TAMS 0x0000000084400000, 0x0000000084400000| Untracked 
|  21|0x0000000084500000, 0x0000000084500000, 0x0000000084600000|  0%| F|  |TAMS 0x0000000084500000, 0x0000000084500000| Untracked 
|  22|0x0000000084600000, 0x0000000084600000, 0x0000000084700000|  0%| F|  |TAMS 0x0000000084600000, 0x0000000084600000| Untracked 
|  23|0x0000000084700000, 0x0000000084700000, 0x0000000084800000|  0%| F|  |TAMS 0x0000000084700000, 0x0000000084700000| Untracked 
|  24|0x0000000084800000, 0x0000000084800000, 0x0000000084900000|  0%| F|  |TAMS 0x0000000084800000, 0x0000000084800000| Untracked 
|  25|0x0000000084900000, 0x0000000084900000, 0x0000000084a00000|  0%| F|  |TAMS 0x0000000084900000, 0x0000000084900000| Untracked 
|  26|0x0000000084a00000, 0x0000000084a00000, 0x0000000084b00000|  0%| F|  |TAMS 0x0000000084a00000, 0x0000000084a00000| Untracked 
|  27|0x0000000084b00000, 0x0000000084b00000, 0x0000000084c00000|  0%| F|  |TAMS 0x0000000084b00000, 0x0000000084b00000| Untracked 
|  28|0x0000000084c00000, 0x0000000084c00000, 0x0000000084d00000|  0%| F|  |TAMS 0x0000000084c00000, 0x0000000084c00000| Untracked 
|  29|0x0000000084d00000, 0x0000000084d00000, 0x0000000084e00000|  0%| F|  |TAMS 0x0000000084d00000, 0x0000000084d00000| Untracked 
|  30|0x0000000084e00000, 0x0000000084e00000, 0x0000000084f00000|  0%| F|  |TAMS 0x0000000084e00000, 0x0000000084e00000| Untracked 
|  31|0x0000000084f00000, 0x0000000084f00000, 0x0000000085000000|  0%| F|  |TAMS 0x0000000084f00000, 0x0000000084f00000| Untracked 
|  32|0x0000000085000000, 0x0000000085000000, 0x0000000085100000|  0%| F|  |TAMS 0x0000000085000000, 0x0000000085000000| Untracked 
|  33|0x0000000085100000, 0x0000000085100000, 0x0000000085200000|  0%| F|  |TAMS 0x0000000085100000, 0x0000000085100000| Untracked 
|  34|0x0000000085200000, 0x0000000085200000, 0x0000000085300000|  0%| F|  |TAMS 0x0000000085200000, 0x0000000085200000| Untracked 
|  35|0x0000000085300000, 0x0000000085300000, 0x0000000085400000|  0%| F|  |TAMS 0x0000000085300000, 0x0000000085300000| Untracked 
|  36|0x0000000085400000, 0x0000000085400000, 0x0000000085500000|  0%| F|  |TAMS 0x0000000085400000, 0x0000000085400000| Untracked 
|  37|0x0000000085500000, 0x0000000085500000, 0x0000000085600000|  0%| F|  |TAMS 0x0000000085500000, 0x0000000085500000| Untracked 
|  38|0x0000000085600000, 0x0000000085600000, 0x0000000085700000|  0%| F|  |TAMS 0x0000000085600000, 0x0000000085600000| Untracked 
|  39|0x0000000085700000, 0x0000000085700000, 0x0000000085800000|  0%| F|  |TAMS 0x0000000085700000, 0x0000000085700000| Untracked 
|  40|0x0000000085800000, 0x0000000085800000, 0x0000000085900000|  0%| F|  |TAMS 0x0000000085800000, 0x0000000085800000| Untracked 
|  41|0x0000000085900000, 0x0000000085900000, 0x0000000085a00000|  0%| F|  |TAMS 0x0000000085900000, 0x0000000085900000| Untracked 
|  42|0x0000000085a00000, 0x0000000085a00000, 0x0000000085b00000|  0%| F|  |TAMS 0x0000000085a00000, 0x0000000085a00000| Untracked 
|  43|0x0000000085b00000, 0x0000000085b00000, 0x0000000085c00000|  0%| F|  |TAMS 0x0000000085b00000, 0x0000000085b00000| Untracked 
|  44|0x0000000085c00000, 0x0000000085c00000, 0x0000000085d00000|  0%| F|  |TAMS 0x0000000085c00000, 0x0000000085c00000| Untracked 
|  45|0x0000000085d00000, 0x0000000085d00000, 0x0000000085e00000|  0%| F|  |TAMS 0x0000000085d00000, 0x0000000085d00000| Untracked 
|  46|0x0000000085e00000, 0x0000000085e00000, 0x0000000085f00000|  0%| F|  |TAMS 0x0000000085e00000, 0x0000000085e00000| Untracked 
|  47|0x0000000085f00000, 0x0000000085f00000, 0x0000000086000000|  0%| F|  |TAMS 0x0000000085f00000, 0x0000000085f00000| Untracked 
|  48|0x0000000086000000, 0x0000000086000000, 0x0000000086100000|  0%| F|  |TAMS 0x0000000086000000, 0x0000000086000000| Untracked 
|  49|0x0000000086100000, 0x0000000086100000, 0x0000000086200000|  0%| F|  |TAMS 0x0000000086100000, 0x0000000086100000| Untracked 
|  50|0x0000000086200000, 0x0000000086200000, 0x0000000086300000|  0%| F|  |TAMS 0x0000000086200000, 0x0000000086200000| Untracked 
|  51|0x0000000086300000, 0x0000000086300000, 0x0000000086400000|  0%| F|  |TAMS 0x0000000086300000, 0x0000000086300000| Untracked 
|  52|0x0000000086400000, 0x0000000086400000, 0x0000000086500000|  0%| F|  |TAMS 0x0000000086400000, 0x0000000086400000| Untracked 
|  53|0x0000000086500000, 0x0000000086500000, 0x0000000086600000|  0%| F|  |TAMS 0x0000000086500000, 0x0000000086500000| Untracked 
|  54|0x0000000086600000, 0x0000000086600000, 0x0000000086700000|  0%| F|  |TAMS 0x0000000086600000, 0x0000000086600000| Untracked 
|  55|0x0000000086700000, 0x0000000086700000, 0x0000000086800000|  0%| F|  |TAMS 0x0000000086700000, 0x0000000086700000| Untracked 
|  56|0x0000000086800000, 0x0000000086800000, 0x0000000086900000|  0%| F|  |TAMS 0x0000000086800000, 0x0000000086800000| Untracked 
|  57|0x0000000086900000, 0x0000000086900000, 0x0000000086a00000|  0%| F|  |TAMS 0x0000000086900000, 0x0000000086900000| Untracked 
|  58|0x0000000086a00000, 0x0000000086a00000, 0x0000000086b00000|  0%| F|  |TAMS 0x0000000086a00000, 0x0000000086a00000| Untracked 
|  59|0x0000000086b00000, 0x0000000086b00000, 0x0000000086c00000|  0%| F|  |TAMS 0x0000000086b00000, 0x0000000086b00000| Untracked 
|  60|0x0000000086c00000, 0x0000000086c00000, 0x0000000086d00000|  0%| F|  |TAMS 0x0000000086c00000, 0x0000000086c00000| Untracked 
|  61|0x0000000086d00000, 0x0000000086d00000, 0x0000000086e00000|  0%| F|  |TAMS 0x0000000086d00000, 0x0000000086d00000| Untracked 
|  62|0x0000000086e00000, 0x0000000086e00000, 0x0000000086f00000|  0%| F|  |TAMS 0x0000000086e00000, 0x0000000086e00000| Untracked 
|  63|0x0000000086f00000, 0x0000000086f00000, 0x0000000087000000|  0%| F|  |TAMS 0x0000000086f00000, 0x0000000086f00000| Untracked 
|  64|0x0000000087000000, 0x0000000087000000, 0x0000000087100000|  0%| F|  |TAMS 0x0000000087000000, 0x0000000087000000| Untracked 
|  65|0x0000000087100000, 0x0000000087100000, 0x0000000087200000|  0%| F|  |TAMS 0x0000000087100000, 0x0000000087100000| Untracked 
|  66|0x0000000087200000, 0x0000000087300000, 0x0000000087300000|100%| E|  |TAMS 0x0000000087200000, 0x0000000087200000| Complete 
|  67|0x0000000087300000, 0x0000000087400000, 0x0000000087400000|100%| E|CS|TAMS 0x0000000087300000, 0x0000000087300000| Complete 
|  68|0x0000000087400000, 0x0000000087500000, 0x0000000087500000|100%| E|CS|TAMS 0x0000000087400000, 0x0000000087400000| Complete 
|  69|0x0000000087500000, 0x0000000087600000, 0x0000000087600000|100%| E|CS|TAMS 0x0000000087500000, 0x0000000087500000| Complete 
|  70|0x0000000087600000, 0x0000000087700000, 0x0000000087700000|100%| E|CS|TAMS 0x0000000087600000, 0x0000000087600000| Complete 
|  71|0x0000000087700000, 0x0000000087800000, 0x0000000087800000|100%| E|CS|TAMS 0x0000000087700000, 0x0000000087700000| Complete 
|  72|0x0000000087800000, 0x0000000087900000, 0x0000000087900000|100%| E|CS|TAMS 0x0000000087800000, 0x0000000087800000| Complete 
|  73|0x0000000087900000, 0x0000000087a00000, 0x0000000087a00000|100%| E|CS|TAMS 0x0000000087900000, 0x0000000087900000| Complete 
|  74|0x0000000087a00000, 0x0000000087b00000, 0x0000000087b00000|100%| E|CS|TAMS 0x0000000087a00000, 0x0000000087a00000| Complete 
|  75|0x0000000087b00000, 0x0000000087c00000, 0x0000000087c00000|100%| E|CS|TAMS 0x0000000087b00000, 0x0000000087b00000| Complete 
|  76|0x0000000087c00000, 0x0000000087d00000, 0x0000000087d00000|100%| E|CS|TAMS 0x0000000087c00000, 0x0000000087c00000| Complete 
|  77|0x0000000087d00000, 0x0000000087e00000, 0x0000000087e00000|100%| E|CS|TAMS 0x0000000087d00000, 0x0000000087d00000| Complete 
|  78|0x0000000087e00000, 0x0000000087f00000, 0x0000000087f00000|100%| E|CS|TAMS 0x0000000087e00000, 0x0000000087e00000| Complete 
|  79|0x0000000087f00000, 0x0000000088000000, 0x0000000088000000|100%| E|CS|TAMS 0x0000000087f00000, 0x0000000087f00000| Complete 
|  80|0x0000000088000000, 0x0000000088100000, 0x0000000088100000|100%| E|CS|TAMS 0x0000000088000000, 0x0000000088000000| Complete 
|  81|0x0000000088100000, 0x0000000088200000, 0x0000000088200000|100%| E|CS|TAMS 0x0000000088100000, 0x0000000088100000| Complete 
|  82|0x0000000088200000, 0x0000000088300000, 0x0000000088300000|100%| E|CS|TAMS 0x0000000088200000, 0x0000000088200000| Complete 
|  83|0x0000000088300000, 0x0000000088400000, 0x0000000088400000|100%| E|CS|TAMS 0x0000000088300000, 0x0000000088300000| Complete 
|  84|0x0000000088400000, 0x0000000088500000, 0x0000000088500000|100%| E|CS|TAMS 0x0000000088400000, 0x0000000088400000| Complete 
|  85|0x0000000088500000, 0x0000000088600000, 0x0000000088600000|100%| E|CS|TAMS 0x0000000088500000, 0x0000000088500000| Complete 
|  86|0x0000000088600000, 0x0000000088700000, 0x0000000088700000|100%| E|CS|TAMS 0x0000000088600000, 0x0000000088600000| Complete 
|  87|0x0000000088700000, 0x0000000088800000, 0x0000000088800000|100%| E|CS|TAMS 0x0000000088700000, 0x0000000088700000| Complete 
|  88|0x0000000088800000, 0x0000000088900000, 0x0000000088900000|100%| E|CS|TAMS 0x0000000088800000, 0x0000000088800000| Complete 
|  89|0x0000000088900000, 0x0000000088a00000, 0x0000000088a00000|100%| E|CS|TAMS 0x0000000088900000, 0x0000000088900000| Complete 
|  90|0x0000000088a00000, 0x0000000088b00000, 0x0000000088b00000|100%| E|CS|TAMS 0x0000000088a00000, 0x0000000088a00000| Complete 
|  91|0x0000000088b00000, 0x0000000088ba34c0, 0x0000000088c00000| 63%| S|CS|TAMS 0x0000000088b00000, 0x0000000088b00000| Complete 
|  92|0x0000000088c00000, 0x0000000088d00000, 0x0000000088d00000|100%| S|CS|TAMS 0x0000000088c00000, 0x0000000088c00000| Complete 
|  93|0x0000000088d00000, 0x0000000088e00000, 0x0000000088e00000|100%| E|CS|TAMS 0x0000000088d00000, 0x0000000088d00000| Complete 
|  94|0x0000000088e00000, 0x0000000088f00000, 0x0000000088f00000|100%| E|CS|TAMS 0x0000000088e00000, 0x0000000088e00000| Complete 
|  95|0x0000000088f00000, 0x0000000089000000, 0x0000000089000000|100%| E|CS|TAMS 0x0000000088f00000, 0x0000000088f00000| Complete 
|  96|0x0000000089000000, 0x0000000089100000, 0x0000000089100000|100%| E|CS|TAMS 0x0000000089000000, 0x0000000089000000| Complete 
|  97|0x0000000089100000, 0x0000000089200000, 0x0000000089200000|100%| E|CS|TAMS 0x0000000089100000, 0x0000000089100000| Complete 
|  98|0x0000000089200000, 0x0000000089300000, 0x0000000089300000|100%| E|CS|TAMS 0x0000000089200000, 0x0000000089200000| Complete 
|  99|0x0000000089300000, 0x0000000089400000, 0x0000000089400000|100%| E|CS|TAMS 0x0000000089300000, 0x0000000089300000| Complete 
| 100|0x0000000089400000, 0x0000000089500000, 0x0000000089500000|100%| E|CS|TAMS 0x0000000089400000, 0x0000000089400000| Complete 
| 101|0x0000000089500000, 0x0000000089600000, 0x0000000089600000|100%| E|CS|TAMS 0x0000000089500000, 0x0000000089500000| Complete 
| 102|0x0000000089600000, 0x0000000089700000, 0x0000000089700000|100%| E|CS|TAMS 0x0000000089600000, 0x0000000089600000| Complete 
| 103|0x0000000089700000, 0x0000000089800000, 0x0000000089800000|100%| E|CS|TAMS 0x0000000089700000, 0x0000000089700000| Complete 
| 104|0x0000000089800000, 0x0000000089900000, 0x0000000089900000|100%| E|CS|TAMS 0x0000000089800000, 0x0000000089800000| Complete 
| 105|0x0000000089900000, 0x0000000089a00000, 0x0000000089a00000|100%| E|CS|TAMS 0x0000000089900000, 0x0000000089900000| Complete 
| 106|0x0000000089a00000, 0x0000000089b00000, 0x0000000089b00000|100%| E|CS|TAMS 0x0000000089a00000, 0x0000000089a00000| Complete 
| 107|0x0000000089b00000, 0x0000000089c00000, 0x0000000089c00000|100%| E|CS|TAMS 0x0000000089b00000, 0x0000000089b00000| Complete 
| 108|0x0000000089c00000, 0x0000000089d00000, 0x0000000089d00000|100%| E|CS|TAMS 0x0000000089c00000, 0x0000000089c00000| Complete 
| 109|0x0000000089d00000, 0x0000000089e00000, 0x0000000089e00000|100%| E|CS|TAMS 0x0000000089d00000, 0x0000000089d00000| Complete 
| 110|0x0000000089e00000, 0x0000000089f00000, 0x0000000089f00000|100%| E|CS|TAMS 0x0000000089e00000, 0x0000000089e00000| Complete 
| 111|0x0000000089f00000, 0x000000008a000000, 0x000000008a000000|100%| E|CS|TAMS 0x0000000089f00000, 0x0000000089f00000| Complete 
| 112|0x000000008a000000, 0x000000008a100000, 0x000000008a100000|100%| E|CS|TAMS 0x000000008a000000, 0x000000008a000000| Complete 
| 113|0x000000008a100000, 0x000000008a200000, 0x000000008a200000|100%| E|CS|TAMS 0x000000008a100000, 0x000000008a100000| Complete 
| 114|0x000000008a200000, 0x000000008a300000, 0x000000008a300000|100%| E|CS|TAMS 0x000000008a200000, 0x000000008a200000| Complete 
| 115|0x000000008a300000, 0x000000008a400000, 0x000000008a400000|100%| E|CS|TAMS 0x000000008a300000, 0x000000008a300000| Complete 
| 116|0x000000008a400000, 0x000000008a500000, 0x000000008a500000|100%| E|CS|TAMS 0x000000008a400000, 0x000000008a400000| Complete 
| 117|0x000000008a500000, 0x000000008a600000, 0x000000008a600000|100%| E|CS|TAMS 0x000000008a500000, 0x000000008a500000| Complete 
| 118|0x000000008a600000, 0x000000008a700000, 0x000000008a700000|100%| E|CS|TAMS 0x000000008a600000, 0x000000008a600000| Complete 
| 119|0x000000008a700000, 0x000000008a800000, 0x000000008a800000|100%| E|CS|TAMS 0x000000008a700000, 0x000000008a700000| Complete 
| 120|0x000000008a800000, 0x000000008a900000, 0x000000008a900000|100%| E|CS|TAMS 0x000000008a800000, 0x000000008a800000| Complete 
| 121|0x000000008a900000, 0x000000008aa00000, 0x000000008aa00000|100%| E|CS|TAMS 0x000000008a900000, 0x000000008a900000| Complete 
| 122|0x000000008aa00000, 0x000000008ab00000, 0x000000008ab00000|100%| E|CS|TAMS 0x000000008aa00000, 0x000000008aa00000| Complete 
| 123|0x000000008ab00000, 0x000000008ac00000, 0x000000008ac00000|100%| E|CS|TAMS 0x000000008ab00000, 0x000000008ab00000| Complete 
| 124|0x000000008ac00000, 0x000000008ad00000, 0x000000008ad00000|100%| E|CS|TAMS 0x000000008ac00000, 0x000000008ac00000| Complete 
| 125|0x000000008ad00000, 0x000000008ae00000, 0x000000008ae00000|100%| E|CS|TAMS 0x000000008ad00000, 0x000000008ad00000| Complete 

Card table byte_map: [0x0000019717be0000,0x0000019717fd0000] _byte_map_base: 0x00000197177c8000

Marking Bits (Prev, Next): (CMBitMap*) 0x000001977f5b4090, (CMBitMap*) 0x000001977f5b40d0
 Prev Bits: [0x00000197183c0000, 0x000001971a300000)
 Next Bits: [0x000001971a300000, 0x000001971c240000)

Polling page: 0x000001977e780000

Metaspace:

Usage:
  Non-class:     16.96 MB used.
      Class:      2.37 MB used.
       Both:     19.32 MB used.

Virtual space:
  Non-class space:       64.00 MB reserved,      17.12 MB ( 27%) committed,  1 nodes.
      Class space:        1.00 GB reserved,       2.50 MB ( <1%) committed,  1 nodes.
             Both:        1.06 GB reserved,      19.62 MB (  2%) committed. 

Chunk freelists:
   Non-Class:  14.48 MB
       Class:  13.39 MB
        Both:  27.88 MB

MaxMetaspaceSize: unlimited
CompressedClassSpaceSize: 1.00 GB
Initial GC threshold: 21.00 MB
Current GC threshold: 21.00 MB
CDS: on
MetaspaceReclaimPolicy: balanced
 - commit_granule_bytes: 65536.
 - commit_granule_words: 8192.
 - virtual_space_node_default_size: 8388608.
 - enlarge_chunks_in_place: 1.
 - new_chunks_are_fully_committed: 0.
 - uncommit_free_chunks: 1.
 - use_allocation_guard: 0.
 - handle_deallocations: 1.


Internal statistics:

num_allocs_failed_limit: 0.
num_arena_births: 128.
num_arena_deaths: 0.
num_vsnodes_births: 2.
num_vsnodes_deaths: 0.
num_space_committed: 314.
num_space_uncommitted: 0.
num_chunks_returned_to_freelist: 0.
num_chunks_taken_from_freelist: 828.
num_chunk_merges: 0.
num_chunk_splits: 586.
num_chunks_enlarged: 474.
num_purges: 0.
num_inconsistent_stats: 0.

CodeHeap 'non-profiled nmethods': size=120000Kb used=1646Kb max_used=1646Kb free=118353Kb
 bounds [0x00000197106b0000, 0x0000019710920000, 0x0000019717be0000]
CodeHeap 'profiled nmethods': size=120000Kb used=7254Kb max_used=7254Kb free=112746Kb
 bounds [0x0000019708be0000, 0x0000019709300000, 0x0000019710110000]
CodeHeap 'non-nmethods': size=5760Kb used=1185Kb max_used=1231Kb free=4575Kb
 bounds [0x0000019710110000, 0x0000019710380000, 0x00000197106b0000]
 total_blobs=4073 nmethods=3593 adapters=392
 compilation: enabled
              stopped_count=0, restarted_count=0
 full_count=0

Compilation events (20 events):
Event: 3.057 Thread 0x000001971ea2a660 3579       3       jdk.internal.module.SystemModuleFinders$SystemModuleReader::findImageLocation (42 bytes)
Event: 3.057 Thread 0x000001971ea2a660 nmethod 3579 0x00000197092ea710 code [0x00000197092ea920, 0x00000197092eafd8]
Event: 3.057 Thread 0x000001971ea2a660 3577       3       jdk.internal.jimage.ImageReader::findLocation (14 bytes)
Event: 3.057 Thread 0x000001971ea2a660 nmethod 3577 0x00000197092eb290 code [0x00000197092eb460, 0x00000197092eb7b8]
Event: 3.057 Thread 0x000001971ea2a660 3578       3       jdk.internal.jimage.BasicImageReader::findLocation (57 bytes)
Event: 3.058 Thread 0x000001971ea2a660 nmethod 3578 0x00000197092eb910 code [0x00000197092ebb80, 0x00000197092ec628]
Event: 3.058 Thread 0x000001971ea2a660 3580       3       jdk.internal.jimage.ImageLocation::verify (38 bytes)
Event: 3.058 Thread 0x000001971ea2a660 nmethod 3580 0x00000197092eca10 code [0x00000197092ecc20, 0x00000197092ed1e8]
Event: 3.058 Thread 0x000001971ea2a660 3581   !   3       jdk.internal.jimage.BasicImageReader::getResourceBuffer (203 bytes)
Event: 3.060 Thread 0x000001971ea2a660 nmethod 3581 0x00000197092ed490 code [0x00000197092ed8a0, 0x00000197092ef1c8]
Event: 3.060 Thread 0x000001971ea2a660 3583       3       java.nio.DirectByteBufferR::slice (5 bytes)
Event: 3.060 Thread 0x000001971ea2a660 nmethod 3583 0x00000197092efc90 code [0x00000197092efe40, 0x00000197092eff88]
Event: 3.060 Thread 0x000001971ea2a660 3584       3       java.nio.DirectByteBufferR::slice (74 bytes)
Event: 3.061 Thread 0x000001971ea2a660 nmethod 3584 0x00000197092f0010 code [0x00000197092f01c0, 0x00000197092f0488]
Event: 3.061 Thread 0x000001971ea2a660 3582       3       java.nio.DirectByteBufferR::<init> (25 bytes)
Event: 3.061 Thread 0x000001971ea2a660 nmethod 3582 0x00000197092f0590 code [0x00000197092f0720, 0x00000197092f08a8]
Event: 3.069 Thread 0x000001971ea2a660 3585       3       java.nio.MappedByteBuffer::<init> (24 bytes)
Event: 3.069 Thread 0x000001971ea2a660 nmethod 3585 0x00000197092f0990 code [0x00000197092f0b40, 0x00000197092f0ce8]
Event: 3.081 Thread 0x0000019764588850 3586       4       java.lang.ClassLoader::getClassLoadingLock (35 bytes)
Event: 3.084 Thread 0x0000019764588850 nmethod 3586 0x000001971084af90 code [0x000001971084b120, 0x000001971084b268]

GC Heap History (4 events):
Event: 0.795 GC heap before
{Heap before GC invocations=0 (full 0):
 garbage-first heap   total 129024K, used 22528K [0x0000000083000000, 0x0000000100000000)
  region size 1024K, 23 young (23552K), 0 survivors (0K)
 Metaspace       used 5527K, committed 5696K, reserved 1114112K
  class space    used 662K, committed 768K, reserved 1048576K
}
Event: 0.803 GC heap after
{Heap after GC invocations=1 (full 0):
 garbage-first heap   total 129024K, used 3803K [0x0000000083000000, 0x0000000100000000)
  region size 1024K, 3 young (3072K), 3 survivors (3072K)
 Metaspace       used 5527K, committed 5696K, reserved 1114112K
  class space    used 662K, committed 768K, reserved 1048576K
}
Event: 1.522 GC heap before
{Heap before GC invocations=1 (full 0):
 garbage-first heap   total 129024K, used 34523K [0x0000000083000000, 0x0000000100000000)
  region size 1024K, 33 young (33792K), 3 survivors (3072K)
 Metaspace       used 9779K, committed 9920K, reserved 1114112K
  class space    used 1188K, committed 1280K, reserved 1048576K
}
Event: 1.531 GC heap after
{Heap after GC invocations=2 (full 0):
 garbage-first heap   total 129024K, used 5465K [0x0000000083000000, 0x0000000100000000)
  region size 1024K, 2 young (2048K), 2 survivors (2048K)
 Metaspace       used 9779K, committed 9920K, reserved 1114112K
  class space    used 1188K, committed 1280K, reserved 1048576K
}

Deoptimization events (20 events):
Event: 2.891 Thread 0x000001977f558e30 Uncommon trap: trap_request=0xffffffc6 fr.pc=0x000001971070dca8 relative=0x0000000000000368
Event: 2.891 Thread 0x000001977f558e30 Uncommon trap: reason=bimorphic_or_optimized_type_check action=maybe_recompile pc=0x000001971070dca8 method=java.nio.Buffer.<init>(IIIILjdk/internal/access/foreign/MemorySegmentProxy;)V @ 39 c2
Event: 2.891 Thread 0x000001977f558e30 DEOPT PACKING pc=0x000001971070dca8 sp=0x000000882e4f67c0
Event: 2.891 Thread 0x000001977f558e30 DEOPT UNPACKING pc=0x00000197101623a3 sp=0x000000882e4f6768 mode 2
Event: 2.891 Thread 0x000001977f558e30 Uncommon trap: trap_request=0xffffffc6 fr.pc=0x000001971070dca8 relative=0x0000000000000368
Event: 2.891 Thread 0x000001977f558e30 Uncommon trap: reason=bimorphic_or_optimized_type_check action=maybe_recompile pc=0x000001971070dca8 method=java.nio.Buffer.<init>(IIIILjdk/internal/access/foreign/MemorySegmentProxy;)V @ 39 c2
Event: 2.891 Thread 0x000001977f558e30 DEOPT PACKING pc=0x000001971070dca8 sp=0x000000882e4fb650
Event: 2.891 Thread 0x000001977f558e30 DEOPT UNPACKING pc=0x00000197101623a3 sp=0x000000882e4fb5f8 mode 2
Event: 2.936 Thread 0x000001977f558e30 Uncommon trap: trap_request=0xffffff76 fr.pc=0x0000019710707c54 relative=0x0000000000001954
Event: 2.936 Thread 0x000001977f558e30 Uncommon trap: reason=predicate action=maybe_recompile pc=0x0000019710707c54 method=java.nio.charset.CharsetDecoder.decode(Ljava/nio/ByteBuffer;Ljava/nio/CharBuffer;Z)Ljava/nio/charset/CoderResult; @ 54 c2
Event: 2.936 Thread 0x000001977f558e30 DEOPT PACKING pc=0x0000019710707c54 sp=0x000000882e4fd8f0
Event: 2.936 Thread 0x000001977f558e30 DEOPT UNPACKING pc=0x00000197101623a3 sp=0x000000882e4fd7a0 mode 2
Event: 2.937 Thread 0x000001977f558e30 Uncommon trap: trap_request=0xffffff76 fr.pc=0x0000019710701b70 relative=0x0000000000001af0
Event: 2.937 Thread 0x000001977f558e30 Uncommon trap: reason=predicate action=maybe_recompile pc=0x0000019710701b70 method=java.nio.charset.CharsetDecoder.decode(Ljava/nio/ByteBuffer;Ljava/nio/CharBuffer;Z)Ljava/nio/charset/CoderResult; @ 54 c2
Event: 2.937 Thread 0x000001977f558e30 DEOPT PACKING pc=0x0000019710701b70 sp=0x000000882e4fd870
Event: 2.937 Thread 0x000001977f558e30 DEOPT UNPACKING pc=0x00000197101623a3 sp=0x000000882e4fd798 mode 2
Event: 3.015 Thread 0x000001977f558e30 Uncommon trap: trap_request=0xffffff45 fr.pc=0x0000019710837b9c relative=0x000000000000007c
Event: 3.015 Thread 0x000001977f558e30 Uncommon trap: reason=unstable_if action=reinterpret pc=0x0000019710837b9c method=java.util.Spliterator.getExactSizeIfKnown()J @ 9 c2
Event: 3.015 Thread 0x000001977f558e30 DEOPT PACKING pc=0x0000019710837b9c sp=0x000000882e4fd3a0
Event: 3.015 Thread 0x000001977f558e30 DEOPT UNPACKING pc=0x00000197101623a3 sp=0x000000882e4fd340 mode 2

Classes unloaded (0 events):
No events

Classes redefined (0 events):
No events

Internal exceptions (20 events):
Event: 1.652 Thread 0x000001977f558e30 Exception <a 'java/lang/NoSuchMethodError'{0x000000008a95fab8}: 'java.lang.Object java.lang.invoke.Invokers$Holder.invokeExact_MT(java.lang.Object, int, java.lang.Object)'> (0x000000008a95fab8) 
thrown [s\open\src\hotspot\share\interpreter\linkResolver.cpp, line 759]
Event: 1.665 Thread 0x000001977f558e30 Exception <a 'java/lang/NoSuchMethodError'{0x000000008a9f87d8}: 'void java.lang.invoke.DirectMethodHandle$Holder.invokeStatic(java.lang.Object, java.lang.Object)'> (0x000000008a9f87d8) 
thrown [s\open\src\hotspot\share\interpreter\linkResolver.cpp, line 759]
Event: 1.668 Thread 0x000001977f558e30 Exception <a 'java/lang/NoSuchMethodError'{0x000000008a808cd0}: 'int java.lang.invoke.DirectMethodHandle$Holder.invokeSpecial(java.lang.Object, java.lang.Object, java.lang.Object, java.lang.Object)'> (0x000000008a808cd0) 
thrown [s\open\src\hotspot\share\interpreter\linkResolver.cpp, line 759]
Event: 1.934 Thread 0x000001977f558e30 Exception <a 'java/lang/NoClassDefFoundError'{0x000000008a0354c8}: com/google/inject/servlet/ServletModuleTargetVisitor> (0x000000008a0354c8) 
thrown [s\open\src\hotspot\share\classfile\systemDictionary.cpp, line 245]
Event: 2.011 Thread 0x000001977f558e30 Exception <a 'java/lang/NoSuchMethodError'{0x0000000089ebda18}: 'void java.lang.invoke.DirectMethodHandle$Holder.invokeVirtual(java.lang.Object, java.lang.Object)'> (0x0000000089ebda18) 
thrown [s\open\src\hotspot\share\interpreter\linkResolver.cpp, line 759]
Event: 2.037 Thread 0x000001977f558e30 Exception <a 'java/lang/NoSuchMethodError'{0x0000000089d44630}: 'java.lang.Object java.lang.invoke.DirectMethodHandle$Holder.invokeStaticInit(java.lang.Object, int, int, int, int)'> (0x0000000089d44630) 
thrown [s\open\src\hotspot\share\interpreter\linkResolver.cpp, line 759]
Event: 2.385 Thread 0x000001977f558e30 Implicit null exception at 0x000001971075c6ef to 0x000001971075c8dc
Event: 2.385 Thread 0x000001977f558e30 Implicit null exception at 0x00000197107c17b3 to 0x00000197107c18ac
Event: 2.385 Thread 0x000001977f558e30 Implicit null exception at 0x000001971075d66f to 0x000001971075d84c
Event: 2.385 Thread 0x000001977f558e30 Implicit null exception at 0x00000197107bc2e0 to 0x00000197107bc37a
Event: 2.407 Thread 0x000001977f558e30 Exception <a 'java/lang/NoSuchMethodError'{0x0000000088f974f8}: 'java.lang.Object java.lang.invoke.DirectMethodHandle$Holder.newInvokeSpecial(java.lang.Object, java.lang.Object, java.lang.Object, java.lang.Object, java.lang.Object, java.lang.Object, java.lang.Object)'> (0x0000000088f974f8) 
thrown [s\open\src\hotspot\share\interpreter\linkResolver.cpp, line 759]
Event: 2.407 Thread 0x000001977f558e30 Exception <a 'java/lang/NoSuchMethodError'{0x0000000088f9be08}: 'java.lang.Object java.lang.invoke.Invokers$Holder.linkToTargetMethod(java.lang.Object, java.lang.Object, java.lang.Object, java.lang.Object, java.lang.Object, java.lang.Object, java.lang.Object)'> (0x0000000088f9be08) 
thrown [s\open\src\hotspot\share\interpreter\linkResolver.cpp, line 759]
Event: 2.643 Thread 0x000001977f558e30 Exception <a 'java/lang/NoSuchMethodError'{0x0000000088381cc0}: 'java.lang.Object java.lang.invoke.DirectMethodHandle$Holder.invokeVirtual(java.lang.Object, java.lang.Object, java.lang.Object)'> (0x0000000088381cc0) 
thrown [s\open\src\hotspot\share\interpreter\linkResolver.cpp, line 759]
Event: 2.644 Thread 0x000001977f558e30 Exception <a 'java/lang/NoSuchMethodError'{0x0000000088389228}: 'void java.lang.invoke.DirectMethodHandle$Holder.invokeSpecial(java.lang.Object, java.lang.Object, java.lang.Object, java.lang.Object, java.lang.Object, java.lang.Object)'> (0x0000000088389228) 
thrown [s\open\src\hotspot\share\interpreter\linkResolver.cpp, line 759]
Event: 2.646 Thread 0x000001977f558e30 Exception <a 'java/lang/NoSuchMethodError'{0x0000000088394780}: 'int java.lang.invoke.DirectMethodHandle$Holder.invokeVirtual(java.lang.Object, java.lang.Object)'> (0x0000000088394780) 
thrown [s\open\src\hotspot\share\interpreter\linkResolver.cpp, line 759]
Event: 3.020 Thread 0x000001977f558e30 Exception <a 'java/lang/NoSuchMethodError'{0x0000000087362350}: 'int java.lang.invoke.DirectMethodHandle$Holder.invokeInterface(java.lang.Object, java.lang.Object)'> (0x0000000087362350) 
thrown [s\open\src\hotspot\share\interpreter\linkResolver.cpp, line 759]
Event: 3.032 Thread 0x000001977f558e30 Exception <a 'sun/nio/fs/WindowsException'{0x0000000087399cf8}> (0x0000000087399cf8) 
thrown [s\open\src\hotspot\share\prims\jni.cpp, line 516]
Event: 3.032 Thread 0x000001977f558e30 Exception <a 'sun/nio/fs/WindowsException'{0x000000008739a140}> (0x000000008739a140) 
thrown [s\open\src\hotspot\share\prims\jni.cpp, line 516]
Event: 3.033 Thread 0x000001977f558e30 Exception <a 'java/lang/NoSuchMethodError'{0x000000008739f608}: 'int java.lang.invoke.DirectMethodHandle$Holder.invokeVirtual(java.lang.Object, java.lang.Object, java.lang.Object)'> (0x000000008739f608) 
thrown [s\open\src\hotspot\share\interpreter\linkResolver.cpp, line 759]
Event: 3.033 Thread 0x000001977f558e30 Exception <a 'java/lang/NoSuchMethodError'{0x00000000873a5aa0}: 'void java.lang.invoke.DirectMethodHandle$Holder.invokeInterface(java.lang.Object, java.lang.Object, java.lang.Object)'> (0x00000000873a5aa0) 
thrown [s\open\src\hotspot\share\interpreter\linkResolver.cpp, line 759]

VM Operations (20 events):
Event: 2.024 Executing VM operation: HandshakeAllThreads
Event: 2.024 Executing VM operation: HandshakeAllThreads done
Event: 2.052 Executing VM operation: HandshakeAllThreads
Event: 2.052 Executing VM operation: HandshakeAllThreads done
Event: 2.134 Executing VM operation: HandshakeAllThreads
Event: 2.134 Executing VM operation: HandshakeAllThreads done
Event: 2.135 Executing VM operation: HandshakeAllThreads
Event: 2.135 Executing VM operation: HandshakeAllThreads done
Event: 2.277 Executing VM operation: ICBufferFull
Event: 2.277 Executing VM operation: ICBufferFull done
Event: 2.580 Executing VM operation: ICBufferFull
Event: 2.580 Executing VM operation: ICBufferFull done
Event: 2.888 Executing VM operation: ICBufferFull
Event: 2.888 Executing VM operation: ICBufferFull done
Event: 2.894 Executing VM operation: HandshakeAllThreads
Event: 2.894 Executing VM operation: HandshakeAllThreads done
Event: 2.979 Executing VM operation: HandshakeAllThreads
Event: 2.979 Executing VM operation: HandshakeAllThreads done
Event: 3.019 Executing VM operation: HandshakeAllThreads
Event: 3.019 Executing VM operation: HandshakeAllThreads done

Events (20 events):
Event: 2.987 loading class java/util/MissingResourceException
Event: 2.987 loading class java/util/MissingResourceException done
Event: 2.989 loading class java/util/ResourceBundle$CacheKey
Event: 2.990 loading class java/util/ResourceBundle$CacheKey done
Event: 2.990 loading class java/util/ResourceBundle$KeyElementReference
Event: 2.990 loading class java/util/ResourceBundle$CacheKeyReference
Event: 2.990 loading class java/util/ResourceBundle$CacheKeyReference done
Event: 2.990 loading class java/util/ResourceBundle$KeyElementReference done
Event: 2.990 loading class java/util/ResourceBundle$3
Event: 2.990 loading class java/util/ResourceBundle$3 done
Event: 2.993 loading class java/util/ResourceBundle$BundleReference
Event: 2.993 loading class java/util/ResourceBundle$BundleReference done
Event: 3.014 loading class java/util/ServiceLoader$ProviderSpliterator
Event: 3.014 loading class java/util/ServiceLoader$ProviderSpliterator done
Event: 3.032 loading class sun/nio/fs/WindowsDirectoryStream
Event: 3.032 loading class java/nio/file/DirectoryStream
Event: 3.032 loading class java/nio/file/DirectoryStream done
Event: 3.032 loading class sun/nio/fs/WindowsDirectoryStream done
Event: 3.079 loading class java/nio/file/ClosedFileSystemException
Event: 3.079 loading class java/nio/file/ClosedFileSystemException done


Dynamic libraries:
0x00007ff6fd690000 - 0x00007ff6fd6a0000 	C:\Program Files\Java\jdk-17\bin\java.exe
0x00007fff9d070000 - 0x00007fff9d268000 	C:\Windows\SYSTEM32\ntdll.dll
0x00007fff9cc00000 - 0x00007fff9ccbd000 	C:\Windows\System32\KERNEL32.DLL
0x00007fff9ab80000 - 0x00007fff9ae76000 	C:\Windows\System32\KERNELBASE.dll
0x00007fff9a790000 - 0x00007fff9a890000 	C:\Windows\System32\ucrtbase.dll
0x00007fff909b0000 - 0x00007fff909cb000 	C:\Program Files\Java\jdk-17\bin\VCRUNTIME140.dll
0x00007fff86990000 - 0x00007fff869a9000 	C:\Program Files\Java\jdk-17\bin\jli.dll
0x00007fff9ccc0000 - 0x00007fff9cd70000 	C:\Windows\System32\ADVAPI32.dll
0x00007fff9c8b0000 - 0x00007fff9c94e000 	C:\Windows\System32\msvcrt.dll
0x00007fff9c5e0000 - 0x00007fff9c680000 	C:\Windows\System32\sechost.dll
0x00007fff9ce50000 - 0x00007fff9cf73000 	C:\Windows\System32\RPCRT4.dll
0x00007fff9af20000 - 0x00007fff9af47000 	C:\Windows\System32\bcrypt.dll
0x00007fff9bca0000 - 0x00007fff9be3f000 	C:\Windows\System32\USER32.dll
0x00007fff9b070000 - 0x00007fff9b092000 	C:\Windows\System32\win32u.dll
0x00007fff811e0000 - 0x00007fff8147a000 	C:\Windows\WinSxS\amd64_microsoft.windows.common-controls_6595b64144ccf1df_6.0.19041.3636_none_60b6a03d71f818d5\COMCTL32.dll
0x00007fff9cbd0000 - 0x00007fff9cbfb000 	C:\Windows\System32\GDI32.dll
0x00007fff9af50000 - 0x00007fff9b067000 	C:\Windows\System32\gdi32full.dll
0x00007fff9ae80000 - 0x00007fff9af1d000 	C:\Windows\System32\msvcp_win.dll
0x00007fff94770000 - 0x00007fff9477a000 	C:\Windows\SYSTEM32\VERSION.dll
0x00007fff9c870000 - 0x00007fff9c8a2000 	C:\Windows\System32\IMM32.DLL
0x00007fff95aa0000 - 0x00007fff95aac000 	C:\Program Files\Java\jdk-17\bin\vcruntime140_1.dll
0x00007fff730d0000 - 0x00007fff7315e000 	C:\Program Files\Java\jdk-17\bin\msvcp140.dll
0x00007fff485d0000 - 0x00007fff491ae000 	C:\Program Files\Java\jdk-17\bin\server\jvm.dll
0x00007fff9ce40000 - 0x00007fff9ce48000 	C:\Windows\System32\PSAPI.DLL
0x00007fff94c70000 - 0x00007fff94c79000 	C:\Windows\SYSTEM32\WSOCK32.dll
0x00007fff8a730000 - 0x00007fff8a757000 	C:\Windows\SYSTEM32\WINMM.dll
0x00007fff9c690000 - 0x00007fff9c6fb000 	C:\Windows\System32\WS2_32.dll
0x00007fff98f00000 - 0x00007fff98f12000 	C:\Windows\SYSTEM32\kernel.appcore.dll
0x00007fff94cd0000 - 0x00007fff94cda000 	C:\Program Files\Java\jdk-17\bin\jimage.dll
0x00007fff98470000 - 0x00007fff98654000 	C:\Windows\SYSTEM32\DBGHELP.DLL
0x00007fff91f40000 - 0x00007fff91f74000 	C:\Windows\SYSTEM32\dbgcore.DLL
0x00007fff9a940000 - 0x00007fff9a9c2000 	C:\Windows\System32\bcryptPrimitives.dll
0x00007fff901d0000 - 0x00007fff901f5000 	C:\Program Files\Java\jdk-17\bin\java.dll
0x00007fff5fc80000 - 0x00007fff5fd57000 	C:\Program Files\Java\jdk-17\bin\jsvml.dll
0x00007fff9b530000 - 0x00007fff9bc9b000 	C:\Windows\System32\SHELL32.dll
0x00007fff98660000 - 0x00007fff98dfe000 	C:\Windows\SYSTEM32\windows.storage.dll
0x00007fff9c070000 - 0x00007fff9c3c3000 	C:\Windows\System32\combase.dll
0x00007fff9a070000 - 0x00007fff9a09e000 	C:\Windows\SYSTEM32\Wldp.dll
0x00007fff9cd70000 - 0x00007fff9ce3d000 	C:\Windows\System32\OLEAUT32.dll
0x00007fff9bfc0000 - 0x00007fff9c06d000 	C:\Windows\System32\SHCORE.dll
0x00007fff9cb70000 - 0x00007fff9cbc5000 	C:\Windows\System32\shlwapi.dll
0x00007fff9a650000 - 0x00007fff9a673000 	C:\Windows\SYSTEM32\profapi.dll
0x00007fff90990000 - 0x00007fff909a9000 	C:\Program Files\Java\jdk-17\bin\net.dll
0x00007fff930b0000 - 0x00007fff931ba000 	C:\Windows\SYSTEM32\WINHTTP.dll
0x00007fff99e50000 - 0x00007fff99eba000 	C:\Windows\system32\mswsock.dll
0x00007fff90140000 - 0x00007fff90156000 	C:\Program Files\Java\jdk-17\bin\nio.dll
0x00007fff900f0000 - 0x00007fff90108000 	C:\Program Files\Java\jdk-17\bin\zip.dll
0x0000000069ac0000 - 0x0000000069ae4000 	C:\Program Files\NetBeans-21\netbeans\java\maven\lib\jansi-native\Windows\x86_64\jansi.dll
0x00007fff94b10000 - 0x00007fff94b20000 	C:\Program Files\Java\jdk-17\bin\verify.dll

dbghelp: loaded successfully - version: 4.0.5 - missing functions: none
symbol engine: initialized successfully - sym options: 0x614 - pdb path: .;C:\Program Files\Java\jdk-17\bin;C:\Windows\SYSTEM32;C:\Windows\WinSxS\amd64_microsoft.windows.common-controls_6595b64144ccf1df_6.0.19041.3636_none_60b6a03d71f818d5;C:\Program Files\Java\jdk-17\bin\server;C:\Program Files\NetBeans-21\netbeans\java\maven\lib\jansi-native\Windows\x86_64

VM Arguments:
jvm_args: -Dclassworlds.conf=C:\Program Files\NetBeans-21\netbeans\java\maven\bin\m2.conf -Dmaven.home=C:\Program Files\NetBeans-21\netbeans\java\maven -Dlibrary.jansi.path=C:\Program Files\NetBeans-21\netbeans\java\maven\lib\jansi-native -Dmaven.multiModuleProjectDirectory=C:\Users\MAIS\Documents\NetBeansProjects\image 
java_command: org.codehaus.plexus.classworlds.launcher.Launcher -Dexec.vmArgs= -Dexec.args=${exec.vmArgs} -classpath %classpath ${exec.mainClass} ${exec.appArgs} -Dexec.appArgs= -Dexec.mainClass=com.mycompany.image.Drawing -Dexec.executable=C:\Program Files\Java\jdk-17\bin\java.exe -Dmaven.ext.class.path=C:\Program Files\NetBeans-21\netbeans\java\maven-nblib\netbeans-eventspy.jar --no-transfer-progress process-classes org.codehaus.mojo:exec-maven-plugin:3.1.0:exec
java_class_path (initial): C:\Program Files\NetBeans-21\netbeans\java\maven\boot\plexus-classworlds-2.7.0.jar
Launcher Type: SUN_STANDARD

[Global flags]
     intx CICompilerCount                          = 4                                         {product} {ergonomic}
     uint ConcGCThreads                            = 2                                         {product} {ergonomic}
     uint G1ConcRefinementThreads                  = 8                                         {product} {ergonomic}
   size_t G1HeapRegionSize                         = 1048576                                   {product} {ergonomic}
    uintx GCDrainStackTargetSize                   = 64                                        {product} {ergonomic}
   size_t InitialHeapSize                          = 132120576                                 {product} {ergonomic}
   size_t MarkStackSize                            = 4194304                                   {product} {ergonomic}
   size_t MaxHeapSize                              = 2097152000                                {product} {ergonomic}
   size_t MaxNewSize                               = 1258291200                                {product} {ergonomic}
   size_t MinHeapDeltaBytes                        = 1048576                                   {product} {ergonomic}
   size_t MinHeapSize                              = 8388608                                   {product} {ergonomic}
    uintx NonNMethodCodeHeapSize                   = 5839372                                {pd product} {ergonomic}
    uintx NonProfiledCodeHeapSize                  = 122909434                              {pd product} {ergonomic}
    uintx ProfiledCodeHeapSize                     = 122909434                              {pd product} {ergonomic}
    uintx ReservedCodeCacheSize                    = 251658240                              {pd product} {ergonomic}
     bool SegmentedCodeCache                       = true                                      {product} {ergonomic}
   size_t SoftMaxHeapSize                          = 2097152000                             {manageable} {ergonomic}
     bool UseCompressedClassPointers               = true                           {product lp64_product} {ergonomic}
     bool UseCompressedOops                        = true                           {product lp64_product} {ergonomic}
     bool UseG1GC                                  = true                                      {product} {ergonomic}
     bool UseLargePagesIndividualAllocation        = false                                  {pd product} {ergonomic}

Logging:
Log output configuration:
 #0: stdout all=warning uptime,level,tags
 #1: stderr all=off uptime,level,tags

Environment Variables:
JAVA_HOME=C:\Program Files\Java\jdk-17
PATH=C:\Program Files\Common Files\Oracle\Java\javapath;C:\Windows\system32;C:\Windows;C:\Windows\System32\Wbem;C:\Windows\System32\WindowsPowerShell\v1.0\;C:\Windows\System32\OpenSSH\;C:\Program Files\MySQL\MySQL Server 8.0\bin;C:\Program Files\Common Files\Autodesk Shared\;C:\Program Files\Microsoft SQL Server\120\Tools\Binn\;C:\Program Files\GitHub CLI\;C:\Users\MAIS\AppData\Local\Programs\Python\Launcher\;C:\Users\MAIS\AppData\Local\Microsoft\WindowsApps;C:\Users\MAIS\AppData\Local\Programs\Microsoft VS Code\bin;C:\ProgramData\MAIS\GitHubDesktop\bin;C:\Users\MAIS\AppData\Local\GitHubDesktop\bin
USERNAME=MAIS
OS=Windows_NT
PROCESSOR_IDENTIFIER=Intel64 Family 6 Model 142 Stepping 12, GenuineIntel



---------------  S Y S T E M  ---------------

OS:
 Windows 10 , 64 bit Build 19041 (10.0.19041.3636)
OS uptime: 15 days 11:04 hours
Hyper-V role detected

CPU: total 8 (initial active 8) (4 cores per cpu, 2 threads per core) family 6 model 142 stepping 12 microcode 0xde, cx8, cmov, fxsr, ht, mmx, 3dnowpref, sse, sse2, sse3, ssse3, sse4.1, sse4.2, popcnt, lzcnt, tsc, tscinvbit, avx, avx2, aes, erms, clmul, bmi1, bmi2, adx, fma, vzeroupper, clflush, clflushopt, hv

Memory: 4k page, system-wide physical 7995M (906M free)
TotalPageFile size 17198M (AvailPageFile size 5M)
current process WorkingSet (physical memory assigned to process): 154M, peak: 154M
current process commit charge ("private bytes"): 257M, peak: 257M

vm_info: Java HotSpot(TM) 64-Bit Server VM (17.0.8+9-LTS-211) for windows-amd64 JRE (17.0.8+9-LTS-211), built on Jun 14 2023 10:34:31 by "mach5one" with MS VC++ 17.1 (VS2022)

END.
