#
# There is insufficient memory for the Java Runtime Environment to continue.
# Native memory allocation (mmap) failed to map 132120576 bytes for G1 virtual space
# Possible reasons:
#   The system is out of physical RAM or swap space
#   The process is running with CompressedOops enabled, and the Java Heap may be blocking the growth of the native heap
# Possible solutions:
#   Reduce memory load on the system
#   Increase physical memory or swap space
#   Check if swap backing store is full
#   Decrease Java heap size (-Xmx/-Xms)
#   Decrease number of Java threads
#   Decrease Java thread stack sizes (-Xss)
#   Set larger code cache with -XX:ReservedCodeCacheSize=
#   JVM is running with Unscaled Compressed Oops mode in which the Java heap is
#     placed in the first 4GB address space. The Java Heap base address is the
#     maximum limit for the native heap growth. Please use -XX:HeapBaseMinAddress
#     to set the Java Heap base and to place the Java Heap above 4GB virtual address.
# This output file may be truncated or incomplete.
#
#  Out of Memory Error (os_windows.cpp:3550), pid=8040, tid=18224
#
# JRE version:  (17.0.8+9) (build )
# Java VM: Java HotSpot(TM) 64-Bit Server VM (17.0.8+9-LTS-211, mixed mode, sharing, tiered, compressed oops, compressed class ptrs, g1 gc, windows-amd64)
# No core dump will be written. Minidumps are not enabled by default on client versions of Windows
#

---------------  S U M M A R Y ------------

Command Line: com.mycompany.image.Drawing

Host: Intel(R) Core(TM) i7-10510U CPU @ 1.80GHz, 8 cores, 7G,  Windows 10 , 64 bit Build 19041 (10.0.19041.3636)
Time: Mon May 20 11:34:26 2024 West Bank Gaza Daylight Time elapsed time: 0.011648 seconds (0d 0h 0m 0s)

---------------  T H R E A D  ---------------

Current thread (0x000001c00dd17f80):  JavaThread "Unknown thread" [_thread_in_vm, id=18224, stack(0x0000002914f00000,0x0000002915000000)]

Stack: [0x0000002914f00000,0x0000002915000000]
Native frames: (J=compiled Java code, j=interpreted, Vv=VM code, C=native code)
V  [jvm.dll+0x677d0a]
V  [jvm.dll+0x7d8c54]
V  [jvm.dll+0x7da3fe]
V  [jvm.dll+0x7daa63]
V  [jvm.dll+0x245c5f]
V  [jvm.dll+0x674bb9]
V  [jvm.dll+0x6694f2]
V  [jvm.dll+0x3031d6]
V  [jvm.dll+0x30a756]
V  [jvm.dll+0x359f9e]
V  [jvm.dll+0x35a1cf]
V  [jvm.dll+0x2da3e8]
V  [jvm.dll+0x2db354]
V  [jvm.dll+0x7aa711]
V  [jvm.dll+0x367b51]
V  [jvm.dll+0x789979]
V  [jvm.dll+0x3eb05f]
V  [jvm.dll+0x3ecae1]
C  [jli.dll+0x5297]
C  [ucrtbase.dll+0x21bb2]
C  [KERNEL32.DLL+0x17344]
C  [ntdll.dll+0x526b1]


---------------  P R O C E S S  ---------------

Threads class SMR info:
_java_thread_list=0x00007fff490859d8, length=0, elements={
}

Java Threads: ( => current thread )

Other Threads:
  0x000001c00dd71f70 GCTaskThread "GC Thread#0" [stack: 0x0000002915000000,0x0000002915100000] [id=4836]
  0x000001c00dd837c0 ConcurrentGCThread "G1 Main Marker" [stack: 0x0000002915100000,0x0000002915200000] [id=13756]
  0x000001c00dd84870 ConcurrentGCThread "G1 Conc#0" [stack: 0x0000002915200000,0x0000002915300000] [id=13780]

[error occurred during error reporting (printing all threads), id 0xc0000005, EXCEPTION_ACCESS_VIOLATION (0xc0000005) at pc=0x00007fff488bb047]

VM state: not at safepoint (not fully initialized)

VM Mutex/Monitor currently owned by a thread:  ([mutex/lock_event])
[0x000001c00dd124f0] Heap_lock - owner thread: 0x000001c00dd17f80

Heap address: 0x0000000083000000, size: 2000 MB, Compressed Oops mode: 32-bit

CDS archive(s) mapped at: [0x0000000000000000-0x0000000000000000-0x0000000000000000), size 0, SharedBaseAddress: 0x0000000800000000, ArchiveRelocationMode: 1.
Narrow klass base: 0x0000000000000000, Narrow klass shift: 0, Narrow klass range: 0x0

GC Precious Log:
<Empty>

Heap:
 garbage-first heap   total 0K, used 0K [0x0000000083000000, 0x0000000100000000)
  region size 1024K, 0 young (0K), 0 survivors (0K)

[error occurred during error reporting (printing heap information), id 0xc0000005, EXCEPTION_ACCESS_VIOLATION (0xc0000005) at pc=0x00007fff48ca1499]

GC Heap History (0 events):
No events

Deoptimization events (0 events):
No events

Classes unloaded (0 events):
No events

Classes redefined (0 events):
No events

Internal exceptions (0 events):
No events

VM Operations (0 events):
No events

Events (1 events):
Event: 0.007 Loaded shared library C:\Program Files\Java\jdk-17\bin\java.dll


Dynamic libraries:
0x00007ff6fd690000 - 0x00007ff6fd6a0000 	C:\Program Files\Java\jdk-17\bin\java.exe
0x00007fff9d070000 - 0x00007fff9d268000 	C:\Windows\SYSTEM32\ntdll.dll
0x00007fff9cc00000 - 0x00007fff9ccbd000 	C:\Windows\System32\KERNEL32.DLL
0x00007fff9ab80000 - 0x00007fff9ae76000 	C:\Windows\System32\KERNELBASE.dll
0x00007fff9a790000 - 0x00007fff9a890000 	C:\Windows\System32\ucrtbase.dll
0x00007fff909b0000 - 0x00007fff909cb000 	C:\Program Files\Java\jdk-17\bin\VCRUNTIME140.dll
0x00007fff86990000 - 0x00007fff869a9000 	C:\Program Files\Java\jdk-17\bin\jli.dll
0x00007fff9ccc0000 - 0x00007fff9cd70000 	C:\Windows\System32\ADVAPI32.dll
0x00007fff9c8b0000 - 0x00007fff9c94e000 	C:\Windows\System32\msvcrt.dll
0x00007fff9c5e0000 - 0x00007fff9c680000 	C:\Windows\System32\sechost.dll
0x00007fff9ce50000 - 0x00007fff9cf73000 	C:\Windows\System32\RPCRT4.dll
0x00007fff9af20000 - 0x00007fff9af47000 	C:\Windows\System32\bcrypt.dll
0x00007fff9bca0000 - 0x00007fff9be3f000 	C:\Windows\System32\USER32.dll
0x00007fff9b070000 - 0x00007fff9b092000 	C:\Windows\System32\win32u.dll
0x00007fff811e0000 - 0x00007fff8147a000 	C:\Windows\WinSxS\amd64_microsoft.windows.common-controls_6595b64144ccf1df_6.0.19041.3636_none_60b6a03d71f818d5\COMCTL32.dll
0x00007fff9cbd0000 - 0x00007fff9cbfb000 	C:\Windows\System32\GDI32.dll
0x00007fff9af50000 - 0x00007fff9b067000 	C:\Windows\System32\gdi32full.dll
0x00007fff9ae80000 - 0x00007fff9af1d000 	C:\Windows\System32\msvcp_win.dll
0x00007fff94770000 - 0x00007fff9477a000 	C:\Windows\SYSTEM32\VERSION.dll
0x00007fff9c870000 - 0x00007fff9c8a2000 	C:\Windows\System32\IMM32.DLL
0x00007fff95aa0000 - 0x00007fff95aac000 	C:\Program Files\Java\jdk-17\bin\vcruntime140_1.dll
0x00007fff730d0000 - 0x00007fff7315e000 	C:\Program Files\Java\jdk-17\bin\msvcp140.dll
0x00007fff485d0000 - 0x00007fff491ae000 	C:\Program Files\Java\jdk-17\bin\server\jvm.dll
0x00007fff9ce40000 - 0x00007fff9ce48000 	C:\Windows\System32\PSAPI.DLL
0x00007fff8a730000 - 0x00007fff8a757000 	C:\Windows\SYSTEM32\WINMM.dll
0x00007fff94c70000 - 0x00007fff94c79000 	C:\Windows\SYSTEM32\WSOCK32.dll
0x00007fff9c690000 - 0x00007fff9c6fb000 	C:\Windows\System32\WS2_32.dll
0x00007fff98f00000 - 0x00007fff98f12000 	C:\Windows\SYSTEM32\kernel.appcore.dll
0x00007fff94cd0000 - 0x00007fff94cda000 	C:\Program Files\Java\jdk-17\bin\jimage.dll
0x00007fff98470000 - 0x00007fff98654000 	C:\Windows\SYSTEM32\DBGHELP.DLL
0x00007fff91f40000 - 0x00007fff91f74000 	C:\Windows\SYSTEM32\dbgcore.DLL
0x00007fff9a940000 - 0x00007fff9a9c2000 	C:\Windows\System32\bcryptPrimitives.dll
0x00007fff901d0000 - 0x00007fff901f5000 	C:\Program Files\Java\jdk-17\bin\java.dll

dbghelp: loaded successfully - version: 4.0.5 - missing functions: none
symbol engine: initialized successfully - sym options: 0x614 - pdb path: .;C:\Program Files\Java\jdk-17\bin;C:\Windows\SYSTEM32;C:\Windows\WinSxS\amd64_microsoft.windows.common-controls_6595b64144ccf1df_6.0.19041.3636_none_60b6a03d71f818d5;C:\Program Files\Java\jdk-17\bin\server

VM Arguments:
java_command: com.mycompany.image.Drawing
java_class_path (initial): C:\Users\MAIS\Documents\NetBeansProjects\image\target\classes
Launcher Type: SUN_STANDARD

[Global flags]
     intx CICompilerCount                          = 4                                         {product} {ergonomic}
     uint ConcGCThreads                            = 2                                         {product} {ergonomic}
     uint G1ConcRefinementThreads                  = 8                                         {product} {ergonomic}
   size_t G1HeapRegionSize                         = 1048576                                   {product} {ergonomic}
    uintx GCDrainStackTargetSize                   = 64                                        {product} {ergonomic}
   size_t InitialHeapSize                          = 132120576                                 {product} {ergonomic}
   size_t MarkStackSize                            = 4194304                                   {product} {ergonomic}
   size_t MaxHeapSize                              = 2097152000                                {product} {ergonomic}
   size_t MinHeapDeltaBytes                        = 1048576                                   {product} {ergonomic}
   size_t MinHeapSize                              = 8388608                                   {product} {ergonomic}
    uintx NonNMethodCodeHeapSize                   = 5839372                                {pd product} {ergonomic}
    uintx NonProfiledCodeHeapSize                  = 122909434                              {pd product} {ergonomic}
    uintx ProfiledCodeHeapSize                     = 122909434                              {pd product} {ergonomic}
    uintx ReservedCodeCacheSize                    = 251658240                              {pd product} {ergonomic}
     bool SegmentedCodeCache                       = true                                      {product} {ergonomic}
   size_t SoftMaxHeapSize                          = 2097152000                             {manageable} {ergonomic}
     bool UseCompressedClassPointers               = true                           {product lp64_product} {ergonomic}
     bool UseCompressedOops                        = true                           {product lp64_product} {ergonomic}
     bool UseG1GC                                  = true                                      {product} {ergonomic}
     bool UseLargePagesIndividualAllocation        = false                                  {pd product} {ergonomic}

Logging:
Log output configuration:
 #0: stdout all=warning uptime,level,tags
 #1: stderr all=off uptime,level,tags

Environment Variables:
JAVA_HOME=C:\Program Files\Java\jdk-17
PATH=C:\Program Files\Common Files\Oracle\Java\javapath;C:\Windows\system32;C:\Windows;C:\Windows\System32\Wbem;C:\Windows\System32\WindowsPowerShell\v1.0\;C:\Windows\System32\OpenSSH\;C:\Program Files\MySQL\MySQL Server 8.0\bin;C:\Program Files\Common Files\Autodesk Shared\;C:\Program Files\Microsoft SQL Server\120\Tools\Binn\;C:\Program Files\GitHub CLI\;C:\Users\MAIS\AppData\Local\Programs\Python\Launcher\;C:\Users\MAIS\AppData\Local\Microsoft\WindowsApps;C:\Users\MAIS\AppData\Local\Programs\Microsoft VS Code\bin;C:\ProgramData\MAIS\GitHubDesktop\bin;C:\Users\MAIS\AppData\Local\GitHubDesktop\bin
USERNAME=MAIS
OS=Windows_NT
PROCESSOR_IDENTIFIER=Intel64 Family 6 Model 142 Stepping 12, GenuineIntel



---------------  S Y S T E M  ---------------

OS:
 Windows 10 , 64 bit Build 19041 (10.0.19041.3636)
OS uptime: 15 days 11:03 hours
Hyper-V role detected

CPU: total 8 (initial active 8) (4 cores per cpu, 2 threads per core) family 6 model 142 stepping 12 microcode 0xde, cx8, cmov, fxsr, ht, mmx, 3dnowpref, sse, sse2, sse3, ssse3, sse4.1, sse4.2, popcnt, lzcnt, tsc, tscinvbit, avx, avx2, aes, erms, clmul, bmi1, bmi2, adx, fma, vzeroupper, clflush, clflushopt, hv

Memory: 4k page, system-wide physical 7995M (929M free)
TotalPageFile size 17198M (AvailPageFile size 27M)
current process WorkingSet (physical memory assigned to process): 10M, peak: 10M
current process commit charge ("private bytes"): 60M, peak: 186M

vm_info: Java HotSpot(TM) 64-Bit Server VM (17.0.8+9-LTS-211) for windows-amd64 JRE (17.0.8+9-LTS-211), built on Jun 14 2023 10:34:31 by "mach5one" with MS VC++ 17.1 (VS2022)

END.
